[{"stream_name":"stdout","time":8.823033912,"data":"🌌 REALIZATION ENGINE: UQS V3 TRAINING SESSION\n"}
,{"stream_name":"stdout","time":8.875923828,"data":"✅ Successfully imported core modules.\n"}
,{"stream_name":"stdout","time":8.879858357,"data":"✅ Loaded 4 realizations.\n"}
,{"stream_name":"stderr","time":9.058969491,"data":"Traceback (most recent call last):\n"}
,{"stream_name":"stderr","time":9.059026985,"data":"  File \"/kaggle/src/script.py\", line 64, in \u003cmodule\u003e\n"}
,{"stream_name":"stderr","time":9.059157454,"data":"    verifiable_action = agent.get_action_with_reasoning(state)\n"}
,{"stream_name":"stderr","time":9.059339811,"data":"                        ^^^^^^^^^^^^^^^^^^^^^^^^^^^^^^^^^^^^^^\n"}
,{"stream_name":"stderr","time":9.059349258,"data":"  File \"/kaggle/input/realization-engine-data/core/evolution.py\", line 667, in get_action_with_reasoning\n"}
,{"stream_name":"stderr","time":9.060770802,"data":"    'tier_statistics': self.policy_net.get_tier_statistics(),\n"}
,{"stream_name":"stderr","time":9.060798309,"data":"                       ^^^^^^^^^^^^^^^^^^^^^^^^^^^^^^^^^^^^^\n"}
,{"stream_name":"stderr","time":9.060804015,"data":"  File \"/kaggle/input/realization-engine-data/core/evolution.py\", line 274, in get_tier_statistics\n"}
,{"stream_name":"stderr","time":9.061981185,"data":"    tier.value: count / total\n"}
,{"stream_name":"stderr","time":9.062004262,"data":"    ^^^^^^^^^^\n"}
,{"stream_name":"stderr","time":9.062107744,"data":"AttributeError: 'str' object has no attribute 'value'\n"}
,{"stream_name":"stderr","time":13.271015769,"data":"/usr/local/lib/python3.12/dist-packages/mistune.py:435: SyntaxWarning: invalid escape sequence '\\|'\n"}
,{"stream_name":"stderr","time":13.271053136999999,"data":"  cells[i][c] = re.sub('\\\\\\\\\\|', '|', cell)\n"}
,{"stream_name":"stderr","time":13.642007658,"data":"/usr/local/lib/python3.12/dist-packages/nbconvert/filters/filter_links.py:36: SyntaxWarning: invalid escape sequence '\\_'\n"}
,{"stream_name":"stderr","time":13.642039473,"data":"  text = re.sub(r'_', '\\_', text) # Escape underscores in display text\n"}
,{"stream_name":"stderr","time":14.50327041,"data":"/usr/local/lib/python3.12/dist-packages/traitlets/traitlets.py:2915: FutureWarning: --Exporter.preprocessors=[\"nbconvert.preprocessors.ExtractOutputPreprocessor\"] for containers is deprecated in traitlets 5.0. You can pass `--Exporter.preprocessors item` ... multiple times to add items to a list.\n"}
,{"stream_name":"stderr","time":14.503316318,"data":"  warn(\n"}
,{"stream_name":"stderr","time":14.554083094,"data":"[NbConvertApp] Converting notebook __script__.ipynb to html\n"}
,{"stream_name":"stderr","time":16.193105413,"data":"[NbConvertApp] Writing 288664 bytes to __results__.html\n"}
]